2000.11.30 20:33 B c:\Omat\Web_sivut\salpek\mipe\vuosi_2000\joulukuu\1_paiva.htm --> www.kolumbus.fi /www/s/a/l/salpek/mipe/vuosi_2000 1_paiva.htm
2000.11.30 20:33 B c:\Omat\Web_sivut\salpek\mipe\vuosi_2000\joulukuu\01_paiva.jpg --> www.kolumbus.fi /www/s/a/l/salpek/mipe/vuosi_2000 01_paiva.jpg
2000.11.30 20:33 B c:\Omat\Web_sivut\salpek\mipe\vuosi_2000\joulukuu\joulukalenteri.htm --> www.kolumbus.fi /www/s/a/l/salpek/mipe/vuosi_2000 joulukalenteri.htm
2000.12.01 22:45 B c:\Omat\Web_sivut\salpek\mipe\vuosi_2000\joulukuu\02_paiva.htm --> www.kolumbus.fi /www/s/a/l/salpek/mipe/vuosi_2000/joulukuu 02_paiva.htm
2000.12.01 22:45 B c:\Omat\Web_sivut\salpek\mipe\vuosi_2000\joulukuu\01_paiva_stmp.jpg --> www.kolumbus.fi /www/s/a/l/salpek/mipe/vuosi_2000/joulukuu 01_paiva_stmp.jpg
2000.12.01 22:45 B c:\Omat\Web_sivut\salpek\mipe\vuosi_2000\joulukuu\02_paiva.jpg --> www.kolumbus.fi /www/s/a/l/salpek/mipe/vuosi_2000/joulukuu 02_paiva.jpg
2000.12.01 22:45 B c:\Omat\Web_sivut\salpek\mipe\vuosi_2000\joulukuu\joulukalenteri.htm --> www.kolumbus.fi /www/s/a/l/salpek/mipe/vuosi_2000/joulukuu joulukalenteri.htm
2000.12.02 23:17 B c:\Omat\Web_sivut\salpek\mipe\vuosi_2000\joulukuu\joulukalenteri.htm --> www.kolumbus.fi /www/s/a/l/salpek/mipe/vuosi_2000/joulukuu joulukalenteri.htm
2000.12.02 23:17 B c:\Omat\Web_sivut\salpek\mipe\vuosi_2000\joulukuu\03_paiva_stmp.jpg --> www.kolumbus.fi /www/s/a/l/salpek/mipe/vuosi_2000/joulukuu 03_paiva_stmp.jpg
2000.12.02 23:18 B c:\Omat\Web_sivut\salpek\mipe\vuosi_2000\joulukuu\03_paiva.htm --> www.kolumbus.fi /www/s/a/l/salpek/mipe/vuosi_2000/joulukuu 03_paiva.htm
2000.12.02 23:18 B c:\Omat\Web_sivut\salpek\mipe\vuosi_2000\joulukuu\02_paiva_stmp.jpg --> www.kolumbus.fi /www/s/a/l/salpek/mipe/vuosi_2000/joulukuu 02_paiva_stmp.jpg
2000.12.02 23:18 B c:\Omat\Web_sivut\salpek\mipe\vuosi_2000\joulukuu\03_paiva.jpg --> www.kolumbus.fi /www/s/a/l/salpek/mipe/vuosi_2000/joulukuu 03_paiva.jpg
2000.12.03 22:18 B c:\Omat\Web_sivut\salpek\mipe\vuosi_2000\joulukuu\04_paiva.jpg --> www.kolumbus.fi /www/s/a/l/salpek/mipe/vuosi_2000/joulukuu 04_paiva.jpg
2000.12.03 22:18 B c:\Omat\Web_sivut\salpek\mipe\vuosi_2000\joulukuu\04_paiva_stmp.jpg --> www.kolumbus.fi /www/s/a/l/salpek/mipe/vuosi_2000/joulukuu 04_paiva_stmp.jpg
2000.12.03 22:18 B c:\Omat\Web_sivut\salpek\mipe\vuosi_2000\joulukuu\joulukalenteri.htm --> www.kolumbus.fi /www/s/a/l/salpek/mipe/vuosi_2000/joulukuu joulukalenteri.htm
2000.12.03 22:18 B c:\Omat\Web_sivut\salpek\mipe\vuosi_2000\joulukuu\04_paiva.htm --> www.kolumbus.fi /www/s/a/l/salpek/mipe/vuosi_2000/joulukuu 04_paiva.htm
2000.12.04 22:21 B c:\Omat\Web_sivut\salpek\mipe\vuosi_2000\joulukuu\05_paiva_stmp.jpg --> www.kolumbus.fi /www/s/a/l/salpek/mipe/vuosi_2000/joulukuu 05_paiva_stmp.jpg
2000.12.04 22:21 B c:\Omat\Web_sivut\salpek\mipe\vuosi_2000\joulukuu\05_paiva.jpg --> www.kolumbus.fi /www/s/a/l/salpek/mipe/vuosi_2000/joulukuu 05_paiva.jpg
2000.12.04 22:21 B c:\Omat\Web_sivut\salpek\mipe\vuosi_2000\joulukuu\joulukalenteri.htm --> www.kolumbus.fi /www/s/a/l/salpek/mipe/vuosi_2000/joulukuu joulukalenteri.htm
2000.12.04 22:21 B c:\Omat\Web_sivut\salpek\mipe\vuosi_2000\joulukuu\05_paiva.htm --> www.kolumbus.fi /www/s/a/l/salpek/mipe/vuosi_2000/joulukuu 05_paiva.htm
2000.12.05 23:51 B c:\Omat\Web_sivut\salpek\mipe\vuosi_2000\joulukuu\joulukalenteri.htm --> www.kolumbus.fi /www/s/a/l/salpek/mipe/vuosi_2000/joulukuu joulukalenteri.htm
2000.12.05 23:51 B c:\Omat\Web_sivut\salpek\mipe\vuosi_2000\joulukuu\06_paiva_stmp.jpg --> www.kolumbus.fi /www/s/a/l/salpek/mipe/vuosi_2000/joulukuu 06_paiva_stmp.jpg
2000.12.05 23:51 B c:\Omat\Web_sivut\salpek\mipe\vuosi_2000\joulukuu\06_paiva.jpg --> www.kolumbus.fi /www/s/a/l/salpek/mipe/vuosi_2000/joulukuu 06_paiva.jpg
2000.12.05 23:51 B c:\Omat\Web_sivut\salpek\mipe\vuosi_2000\joulukuu\06_paiva.htm --> www.kolumbus.fi /www/s/a/l/salpek/mipe/vuosi_2000/joulukuu 06_paiva.htm
2000.12.06 22:10 B c:\Omat\Web_sivut\salpek\mipe\vuosi_2000\joulukuu\joulukalenteri.htm --> www.kolumbus.fi /www/s/a/l/salpek/mipe/vuosi_2000/joulukuu joulukalenteri.htm
2000.12.06 22:10 B c:\Omat\Web_sivut\salpek\mipe\vuosi_2000\joulukuu\07_paiva.htm --> www.kolumbus.fi /www/s/a/l/salpek/mipe/vuosi_2000/joulukuu 07_paiva.htm
2000.12.06 22:10 B c:\Omat\Web_sivut\salpek\mipe\vuosi_2000\joulukuu\07_paiva_stmp.jpg --> www.kolumbus.fi /www/s/a/l/salpek/mipe/vuosi_2000/joulukuu 07_paiva_stmp.jpg
2000.12.06 22:10 B c:\Omat\Web_sivut\salpek\mipe\vuosi_2000\joulukuu\07_paiva.jpg --> www.kolumbus.fi /www/s/a/l/salpek/mipe/vuosi_2000/joulukuu 07_paiva.jpg
2000.12.07 22:27 B c:\Omat\Web_sivut\salpek\mipe\vuosi_2000\joulukuu\joulukalenteri.htm --> www.kolumbus.fi /www/s/a/l/salpek/mipe/vuosi_2000/joulukuu joulukalenteri.htm
2000.12.07 22:27 B c:\Omat\Web_sivut\salpek\mipe\vuosi_2000\joulukuu\08_paiva.htm --> www.kolumbus.fi /www/s/a/l/salpek/mipe/vuosi_2000/joulukuu 08_paiva.htm
2000.12.07 22:27 B c:\Omat\Web_sivut\salpek\mipe\vuosi_2000\joulukuu\08_paiva.jpg --> www.kolumbus.fi /www/s/a/l/salpek/mipe/vuosi_2000/joulukuu 08_paiva.jpg
2000.12.07 22:27 B c:\Omat\Web_sivut\salpek\mipe\vuosi_2000\joulukuu\08_paiva_stmp.jpg --> www.kolumbus.fi /www/s/a/l/salpek/mipe/vuosi_2000/joulukuu 08_paiva_stmp.jpg
2000.12.08 23:29 B c:\Omat\Web_sivut\salpek\mipe\vuosi_2000\joulukuu\09_paiva.htm --> www.kolumbus.fi /www/s/a/l/salpek/mipe/vuosi_2000/joulukuu 09_paiva.htm
2000.12.08 23:29 B c:\Omat\Web_sivut\salpek\mipe\vuosi_2000\joulukuu\joulukalenteri.htm --> www.kolumbus.fi /www/s/a/l/salpek/mipe/vuosi_2000/joulukuu joulukalenteri.htm
2000.12.08 23:29 B c:\Omat\Web_sivut\salpek\mipe\vuosi_2000\joulukuu\09_paiva_stmp.jpg --> www.kolumbus.fi /www/s/a/l/salpek/mipe/vuosi_2000/joulukuu 09_paiva_stmp.jpg
2000.12.08 23:30 B c:\Omat\Web_sivut\salpek\mipe\vuosi_2000\joulukuu\09_paiva.jpg --> www.kolumbus.fi /www/s/a/l/salpek/mipe/vuosi_2000/joulukuu 09_paiva.jpg
2000.12.09 23:07 B c:\Omat\Web_sivut\salpek\mipe\vuosi_2000\joulukuu\10_paiva.htm --> www.kolumbus.fi /www/s/a/l/salpek/mipe/vuosi_2000/joulukuu 10_paiva.htm
2000.12.09 23:07 B c:\Omat\Web_sivut\salpek\mipe\vuosi_2000\joulukuu\joulukalenteri.htm --> www.kolumbus.fi /www/s/a/l/salpek/mipe/vuosi_2000/joulukuu joulukalenteri.htm
2000.12.09 23:07 B c:\Omat\Web_sivut\salpek\mipe\vuosi_2000\joulukuu\10_paiva_stmp.jpg --> www.kolumbus.fi /www/s/a/l/salpek/mipe/vuosi_2000/joulukuu 10_paiva_stmp.jpg
2000.12.09 23:07 B c:\Omat\Web_sivut\salpek\mipe\vuosi_2000\joulukuu\10_paiva.jpg --> www.kolumbus.fi /www/s/a/l/salpek/mipe/vuosi_2000/joulukuu 10_paiva.jpg
2000.12.09 23:08 B c:\Omat\Web_sivut\salpek\mipe\vuosi_2000\joulukuu\09_paiva_stmp.jpg --> www.kolumbus.fi /www/s/a/l/salpek/mipe/vuosi_2000/joulukuu 09_paiva_stmp.jpg
2000.12.10 22:13 B c:\Omat\Web_sivut\salpek\mipe\vuosi_2000\joulukuu\joulukalenteri.htm --> www.kolumbus.fi /www/s/a/l/salpek/mipe/vuosi_2000/joulukuu joulukalenteri.htm
2000.12.10 22:13 B c:\Omat\Web_sivut\salpek\mipe\vuosi_2000\joulukuu\12_paiva.htm --> www.kolumbus.fi /www/s/a/l/salpek/mipe/vuosi_2000/joulukuu 12_paiva.htm
2000.12.10 22:13 B c:\Omat\Web_sivut\salpek\mipe\vuosi_2000\joulukuu\11_paiva.htm --> www.kolumbus.fi /www/s/a/l/salpek/mipe/vuosi_2000/joulukuu 11_paiva.htm
2000.12.10 22:13 B c:\Omat\Web_sivut\salpek\mipe\vuosi_2000\joulukuu\12_paiva_stmp.jpg --> www.kolumbus.fi /www/s/a/l/salpek/mipe/vuosi_2000/joulukuu 12_paiva_stmp.jpg
2000.12.10 22:14 B c:\Omat\Web_sivut\salpek\mipe\vuosi_2000\joulukuu\12_paiva.jpg --> www.kolumbus.fi /www/s/a/l/salpek/mipe/vuosi_2000/joulukuu 12_paiva.jpg
2000.12.10 22:14 B c:\Omat\Web_sivut\salpek\mipe\vuosi_2000\joulukuu\11_paiva_stmp.jpg --> www.kolumbus.fi /www/s/a/l/salpek/mipe/vuosi_2000/joulukuu 11_paiva_stmp.jpg
2000.12.10 22:14 B c:\Omat\Web_sivut\salpek\mipe\vuosi_2000\joulukuu\11_paiva.jpg --> www.kolumbus.fi /www/s/a/l/salpek/mipe/vuosi_2000/joulukuu 11_paiva.jpg
2000.12.11 23:01 B c:\Omat\Web_sivut\salpek\mipe\vuosi_2000\joulukuu\joulukalenteri.htm --> www.kolumbus.fi /www/s/a/l/salpek/mipe/vuosi_2000/joulukuu joulukalenteri.htm
2000.12.12 22:00 B c:\Omat\Web_sivut\salpek\mipe\vuosi_2000\joulukuu\13_paiva.jpg --> www.kolumbus.fi /www/s/a/l/salpek/mipe/vuosi_2000/joulukuu 13_paiva.jpg
2000.12.12 22:00 B c:\Omat\Web_sivut\salpek\mipe\vuosi_2000\joulukuu\joulukalenteri.htm --> www.kolumbus.fi /www/s/a/l/salpek/mipe/vuosi_2000/joulukuu joulukalenteri.htm
2000.12.12 22:00 B c:\Omat\Web_sivut\salpek\mipe\vuosi_2000\joulukuu\13_paiva.htm --> www.kolumbus.fi /www/s/a/l/salpek/mipe/vuosi_2000/joulukuu 13_paiva.htm
2000.12.12 22:00 B c:\Omat\Web_sivut\salpek\mipe\vuosi_2000\joulukuu\13_paiva_stmp.jpg --> www.kolumbus.fi /www/s/a/l/salpek/mipe/vuosi_2000/joulukuu 13_paiva_stmp.jpg
2000.12.13 22:19 B c:\Omat\Web_sivut\salpek\mipe\vuosi_2000\joulukuu\joulukalenteri.htm --> www.kolumbus.fi /www/s/a/l/salpek/mipe/vuosi_2000/joulukuu joulukalenteri.htm
2000.12.13 22:19 B c:\Omat\Web_sivut\salpek\mipe\vuosi_2000\joulukuu\14_paiva_stmp.jpg --> www.kolumbus.fi /www/s/a/l/salpek/mipe/vuosi_2000/joulukuu 14_paiva_stmp.jpg
2000.12.13 22:19 B c:\Omat\Web_sivut\salpek\mipe\vuosi_2000\joulukuu\14_paiva.jpg --> www.kolumbus.fi /www/s/a/l/salpek/mipe/vuosi_2000/joulukuu 14_paiva.jpg
2000.12.13 22:19 B c:\Omat\Web_sivut\salpek\mipe\vuosi_2000\joulukuu\14_paiva.htm --> www.kolumbus.fi /www/s/a/l/salpek/mipe/vuosi_2000/joulukuu 14_paiva.htm
2000.12.14 22:49 B c:\Omat\Web_sivut\salpek\mipe\vuosi_2000\joulukuu\15_paiva.htm --> www.kolumbus.fi /www/s/a/l/salpek/mipe/vuosi_2000/joulukuu 15_paiva.htm
2000.12.14 22:49 B c:\Omat\Web_sivut\salpek\mipe\vuosi_2000\joulukuu\joulukalenteri.htm --> www.kolumbus.fi /www/s/a/l/salpek/mipe/vuosi_2000/joulukuu joulukalenteri.htm
2000.12.14 22:49 B c:\Omat\Web_sivut\salpek\mipe\vuosi_2000\joulukuu\15_paiva_stmp.jpg --> www.kolumbus.fi /www/s/a/l/salpek/mipe/vuosi_2000/joulukuu 15_paiva_stmp.jpg
2000.12.14 22:50 B c:\Omat\Web_sivut\salpek\mipe\vuosi_2000\joulukuu\15_paiva.jpg --> www.kolumbus.fi /www/s/a/l/salpek/mipe/vuosi_2000/joulukuu 15_paiva.jpg
2000.12.16 00:23 B c:\Omat\Web_sivut\salpek\mipe\vuosi_2000\joulukuu\16_paiva.jpg --> www.kolumbus.fi /www/s/a/l/salpek/mipe/vuosi_2000/joulukuu 16_paiva.jpg
2000.12.16 00:23 B c:\Omat\Web_sivut\salpek\mipe\vuosi_2000\joulukuu\joulukalenteri.htm --> www.kolumbus.fi /www/s/a/l/salpek/mipe/vuosi_2000/joulukuu joulukalenteri.htm
2000.12.16 00:23 B c:\Omat\Web_sivut\salpek\mipe\vuosi_2000\joulukuu\16_paiva.htm --> www.kolumbus.fi /www/s/a/l/salpek/mipe/vuosi_2000/joulukuu 16_paiva.htm
2000.12.16 00:23 B c:\Omat\Web_sivut\salpek\mipe\vuosi_2000\joulukuu\16_paiva_stmp.jpg --> www.kolumbus.fi /www/s/a/l/salpek/mipe/vuosi_2000/joulukuu 16_paiva_stmp.jpg
2000.12.16 23:54 B c:\Omat\Web_sivut\salpek\mipe\vuosi_2000\joulukuu\joulukalenteri.htm --> www.kolumbus.fi /www/s/a/l/salpek/mipe/vuosi_2000/joulukuu joulukalenteri.htm
2000.12.16 23:54 B c:\Omat\Web_sivut\salpek\mipe\vuosi_2000\joulukuu\17_paiva.htm --> www.kolumbus.fi /www/s/a/l/salpek/mipe/vuosi_2000/joulukuu 17_paiva.htm
2000.12.16 23:54 B c:\Omat\Web_sivut\salpek\mipe\vuosi_2000\joulukuu\17_paiva.jpg --> www.kolumbus.fi /www/s/a/l/salpek/mipe/vuosi_2000/joulukuu 17_paiva.jpg
2000.12.16 23:54 B c:\Omat\Web_sivut\salpek\mipe\vuosi_2000\joulukuu\17_paiva_stmp.jpg --> www.kolumbus.fi /www/s/a/l/salpek/mipe/vuosi_2000/joulukuu 17_paiva_stmp.jpg
2000.12.17 23:51 B c:\Omat\Web_sivut\salpek\mipe\vuosi_2000\joulukuu\joulukalenteri.htm --> www.kolumbus.fi /www/s/a/l/salpek/mipe/vuosi_2000/joulukuu joulukalenteri.htm
2000.12.17 23:51 B c:\Omat\Web_sivut\salpek\mipe\vuosi_2000\joulukuu\18_paiva_stmp.jpg --> www.kolumbus.fi /www/s/a/l/salpek/mipe/vuosi_2000/joulukuu 18_paiva_stmp.jpg
2000.12.17 23:51 B c:\Omat\Web_sivut\salpek\mipe\vuosi_2000\joulukuu\18_paiva.htm --> www.kolumbus.fi /www/s/a/l/salpek/mipe/vuosi_2000/joulukuu 18_paiva.htm
2000.12.17 23:51 B c:\Omat\Web_sivut\salpek\mipe\vuosi_2000\joulukuu\18_paiva.jpg --> www.kolumbus.fi /www/s/a/l/salpek/mipe/vuosi_2000/joulukuu 18_paiva.jpg
2000.12.18 22:55 B c:\Omat\Web_sivut\salpek\mipe\vuosi_2000\joulukuu\19_paiva.htm --> www.kolumbus.fi /www/s/a/l/salpek/mipe/vuosi_2000/joulukuu 19_paiva.htm
2000.12.18 22:55 B c:\Omat\Web_sivut\salpek\mipe\vuosi_2000\joulukuu\19_paiva_stmp.jpg --> www.kolumbus.fi /www/s/a/l/salpek/mipe/vuosi_2000/joulukuu 19_paiva_stmp.jpg
2000.12.18 22:55 B c:\Omat\Web_sivut\salpek\mipe\vuosi_2000\joulukuu\19_paiva.jpg --> www.kolumbus.fi /www/s/a/l/salpek/mipe/vuosi_2000/joulukuu 19_paiva.jpg
2000.12.18 22:55 B c:\Omat\Web_sivut\salpek\mipe\vuosi_2000\joulukuu\joulukalenteri.htm --> www.kolumbus.fi /www/s/a/l/salpek/mipe/vuosi_2000/joulukuu joulukalenteri.htm
2000.12.18 22:57 B c:\Omat\Web_sivut\salpek\mipe\vuosi_2000\joulukuu\joulukalenteri.htm --> www.kolumbus.fi /www/s/a/l/salpek/mipe/vuosi_2000/joulukuu joulukalenteri.htm
2000.12.19 23:00 B c:\Omat\Web_sivut\salpek\mipe\vuosi_2000\joulukuu\20_paiva_stmp.jpg --> www.kolumbus.fi /www/s/a/l/salpek/mipe/vuosi_2000/joulukuu 20_paiva_stmp.jpg
2000.12.19 23:00 B c:\Omat\Web_sivut\salpek\mipe\vuosi_2000\joulukuu\20_paiva.jpg --> www.kolumbus.fi /www/s/a/l/salpek/mipe/vuosi_2000/joulukuu 20_paiva.jpg
2000.12.19 23:00 B c:\Omat\Web_sivut\salpek\mipe\vuosi_2000\joulukuu\joulukalenteri.htm --> www.kolumbus.fi /www/s/a/l/salpek/mipe/vuosi_2000/joulukuu joulukalenteri.htm
2000.12.19 23:00 B c:\Omat\Web_sivut\salpek\mipe\vuosi_2000\joulukuu\20_paiva.htm --> www.kolumbus.fi /www/s/a/l/salpek/mipe/vuosi_2000/joulukuu 20_paiva.htm
2000.12.20 23:22 B c:\Omat\Web_sivut\salpek\mipe\vuosi_2000\joulukuu\joulukalenteri.htm --> www.kolumbus.fi /www/s/a/l/salpek/mipe/vuosi_2000/joulukuu joulukalenteri.htm
2000.12.20 23:22 B c:\Omat\Web_sivut\salpek\mipe\vuosi_2000\joulukuu\21_paiva.htm --> www.kolumbus.fi /www/s/a/l/salpek/mipe/vuosi_2000/joulukuu 21_paiva.htm
2000.12.20 23:22 B c:\Omat\Web_sivut\salpek\mipe\vuosi_2000\joulukuu\21_paiva_stmp.jpg --> www.kolumbus.fi /www/s/a/l/salpek/mipe/vuosi_2000/joulukuu 21_paiva_stmp.jpg
2000.12.20 23:22 B c:\Omat\Web_sivut\salpek\mipe\vuosi_2000\joulukuu\21_paiva.jpg --> www.kolumbus.fi /www/s/a/l/salpek/mipe/vuosi_2000/joulukuu 21_paiva.jpg
2000.12.21 23:16 B c:\Omat\Web_sivut\salpek\mipe\vuosi_2000\joulukuu\22_paiva.htm --> www.kolumbus.fi /www/s/a/l/salpek/mipe/vuosi_2000/joulukuu 22_paiva.htm
2000.12.21 23:16 B c:\Omat\Web_sivut\salpek\mipe\vuosi_2000\joulukuu\joulukalenteri.htm --> www.kolumbus.fi /www/s/a/l/salpek/mipe/vuosi_2000/joulukuu joulukalenteri.htm
2000.12.21 23:16 B c:\Omat\Web_sivut\salpek\mipe\vuosi_2000\joulukuu\22_paiva_stmp.jpg --> www.kolumbus.fi /www/s/a/l/salpek/mipe/vuosi_2000/joulukuu 22_paiva_stmp.jpg
2000.12.21 23:16 B c:\Omat\Web_sivut\salpek\mipe\vuosi_2000\joulukuu\22_paiva.jpg --> www.kolumbus.fi /www/s/a/l/salpek/mipe/vuosi_2000/joulukuu 22_paiva.jpg
2000.12.22 22:57 B c:\Omat\Web_sivut\salpek\mipe\vuosi_2000\joulukuu\joulukalenteri.htm --> www.kolumbus.fi /www/s/a/l/salpek/mipe/vuosi_2000/joulukuu joulukalenteri.htm
2000.12.22 22:57 B c:\Omat\Web_sivut\salpek\mipe\vuosi_2000\joulukuu\23_paiva.htm --> www.kolumbus.fi /www/s/a/l/salpek/mipe/vuosi_2000/joulukuu 23_paiva.htm
2000.12.22 22:57 B c:\Omat\Web_sivut\salpek\mipe\vuosi_2000\joulukuu\23_paiva_stmp.jpg --> www.kolumbus.fi /www/s/a/l/salpek/mipe/vuosi_2000/joulukuu 23_paiva_stmp.jpg
2000.12.22 22:57 B c:\Omat\Web_sivut\salpek\mipe\vuosi_2000\joulukuu\23_paiva.jpg --> www.kolumbus.fi /www/s/a/l/salpek/mipe/vuosi_2000/joulukuu 23_paiva.jpg
2000.12.24 01:09 B c:\Omat\Web_sivut\salpek\mipe\vuosi_2000\joulukuu\24_paiva.htm --> www.kolumbus.fi /www/s/a/l/salpek/mipe/vuosi_2000/joulukuu 24_paiva.htm
2000.12.24 01:09 B c:\Omat\Web_sivut\salpek\mipe\vuosi_2000\joulukuu\joulukalenteri.htm --> www.kolumbus.fi /www/s/a/l/salpek/mipe/vuosi_2000/joulukuu joulukalenteri.htm
2000.12.24 01:09 B c:\Omat\Web_sivut\salpek\mipe\vuosi_2000\joulukuu\24_paiva_stmp.jpg --> www.kolumbus.fi /www/s/a/l/salpek/mipe/vuosi_2000/joulukuu 24_paiva_stmp.jpg
2000.12.24 01:09 B c:\Omat\Web_sivut\salpek\mipe\vuosi_2000\joulukuu\24_paiva.jpg --> www.kolumbus.fi /www/s/a/l/salpek/mipe/vuosi_2000/joulukuu 24_paiva.jpg
2000.12.27 21:15 B c:\Omat\Web_sivut\salpek\mipe\vuosi_2000\joulukuu\uutissivu.htm --> www.kolumbus.fi /www/s/a/l/salpek/mipe/vuosi_2000/joulukuu uutissivu.htm
2000.12.27 21:15 B c:\Omat\Web_sivut\salpek\mipe\vuosi_2000\joulukuu\piha_3.jpg --> www.kolumbus.fi /www/s/a/l/salpek/mipe/vuosi_2000/joulukuu piha_3.jpg
2000.12.27 21:15 B c:\Omat\Web_sivut\salpek\mipe\vuosi_2000\joulukuu\piha_1.jpg --> www.kolumbus.fi /www/s/a/l/salpek/mipe/vuosi_2000/joulukuu piha_1.jpg
2000.12.27 21:15 B c:\Omat\Web_sivut\salpek\mipe\vuosi_2000\joulukuu\joulupoyta_1.jpg --> www.kolumbus.fi /www/s/a/l/salpek/mipe/vuosi_2000/joulukuu joulupoyta_1.jpg
2000.12.27 21:16 B c:\Omat\Web_sivut\salpek\mipe\vuosi_2000\joulukuu\joulupoyta_2.jpg --> www.kolumbus.fi /www/s/a/l/salpek/mipe/vuosi_2000/joulukuu joulupoyta_2.jpg
2000.12.27 21:16 B c:\Omat\Web_sivut\salpek\mipe\vuosi_2000\joulukuu\pikkujoulu_1.jpg --> www.kolumbus.fi /www/s/a/l/salpek/mipe/vuosi_2000/joulukuu pikkujoulu_1.jpg
2000.12.27 21:16 B c:\Omat\Web_sivut\salpek\mipe\vuosi_2000\joulukuu\pikkujoulu_2.jpg --> www.kolumbus.fi /www/s/a/l/salpek/mipe/vuosi_2000/joulukuu pikkujoulu_2.jpg
