2001.12.02 00:34 B c:\Omat\Web_sivut\salpek\mipe\vuosi_2001\joulukalenteri\paivat_list.htm --> www.kolumbus.fi /www/s/a/l/salpek/mipe/vuosi_2001/joulukalenteri paivat_list.htm
2001.12.02 00:34 B c:\Omat\Web_sivut\salpek\mipe\vuosi_2001\joulukalenteri\joulu_frm.htm --> www.kolumbus.fi /www/s/a/l/salpek/mipe/vuosi_2001/joulukalenteri joulu_frm.htm
2001.12.02 00:34 B c:\Omat\Web_sivut\salpek\mipe\vuosi_2001\joulukalenteri\paiva_1.htm --> www.kolumbus.fi /www/s/a/l/salpek/mipe/vuosi_2001/joulukalenteri paiva_1.htm
2001.12.02 00:34 B c:\Omat\Web_sivut\salpek\mipe\vuosi_2001\joulukalenteri\paiva_1.jpg --> www.kolumbus.fi /www/s/a/l/salpek/mipe/vuosi_2001/joulukalenteri paiva_1.jpg
2001.12.02 13:04 B c:\Omat\Web_sivut\salpek\mipe\vuosi_2001\joulukalenteri\joulu_frm.htm --> www.kolumbus.fi /www/s/a/l/salpek/mipe/vuosi_2001/joulukalenteri joulu_frm.htm
2001.12.02 13:04 B c:\Omat\Web_sivut\salpek\mipe\vuosi_2001\joulukalenteri\paiva_2.htm --> www.kolumbus.fi /www/s/a/l/salpek/mipe/vuosi_2001/joulukalenteri paiva_2.htm
2001.12.02 13:04 B c:\Omat\Web_sivut\salpek\mipe\vuosi_2001\joulukalenteri\paivat_list.htm --> www.kolumbus.fi /www/s/a/l/salpek/mipe/vuosi_2001/joulukalenteri paivat_list.htm
2001.12.03 20:22 B c:\Omat\Web_sivut\salpek\mipe\vuosi_2001\joulukalenteri\paiva_3.htm --> www.kolumbus.fi /www/s/a/l/salpek/mipe/vuosi_2001/joulukalenteri paiva_3.htm
2001.12.03 20:22 B c:\Omat\Web_sivut\salpek\mipe\vuosi_2001\joulukalenteri\paivat_list.htm --> www.kolumbus.fi /www/s/a/l/salpek/mipe/vuosi_2001/joulukalenteri paivat_list.htm
2001.12.03 20:22 B c:\Omat\Web_sivut\salpek\mipe\vuosi_2001\joulukalenteri\joulu_frm.htm --> www.kolumbus.fi /www/s/a/l/salpek/mipe/vuosi_2001/joulukalenteri joulu_frm.htm
2001.12.03 20:22 B c:\Omat\Web_sivut\salpek\mipe\vuosi_2001\joulukalenteri\otsikko_lista.htm --> www.kolumbus.fi /www/s/a/l/salpek/mipe/vuosi_2001/joulukalenteri otsikko_lista.htm
2001.12.04 19:03 B c:\Omat\Web_sivut\salpek\mipe\vuosi_2001\joulukalenteri\paiva_4.htm --> www.kolumbus.fi /www/s/a/l/salpek/mipe/vuosi_2001/joulukalenteri paiva_4.htm
2001.12.04 19:03 B c:\Omat\Web_sivut\salpek\mipe\vuosi_2001\joulukalenteri\paiva_4.jpg --> www.kolumbus.fi /www/s/a/l/salpek/mipe/vuosi_2001/joulukalenteri paiva_4.jpg
2001.12.04 19:03 B c:\Omat\Web_sivut\salpek\mipe\vuosi_2001\joulukalenteri\joulu_frm.htm --> www.kolumbus.fi /www/s/a/l/salpek/mipe/vuosi_2001/joulukalenteri joulu_frm.htm
2001.12.04 19:03 B c:\Omat\Web_sivut\salpek\mipe\vuosi_2001\joulukalenteri\paivat_list.htm --> www.kolumbus.fi /www/s/a/l/salpek/mipe/vuosi_2001/joulukalenteri paivat_list.htm
2001.12.05 23:38 B c:\Omat\Web_sivut\salpek\mipe\vuosi_2001\joulukalenteri\joulu_frm.htm --> www.kolumbus.fi /www/s/a/l/salpek/mipe/vuosi_2001/joulukalenteri joulu_frm.htm
2001.12.05 23:38 B c:\Omat\Web_sivut\salpek\mipe\vuosi_2001\joulukalenteri\paiva_51.htm --> www.kolumbus.fi /www/s/a/l/salpek/mipe/vuosi_2001/joulukalenteri paiva_51.htm
2001.12.05 23:38 B c:\Omat\Web_sivut\salpek\mipe\vuosi_2001\joulukalenteri\paiva_5.htm --> www.kolumbus.fi /www/s/a/l/salpek/mipe/vuosi_2001/joulukalenteri paiva_5.htm
2001.12.05 23:38 B c:\Omat\Web_sivut\salpek\mipe\vuosi_2001\joulukalenteri\paivat_list.htm --> www.kolumbus.fi /www/s/a/l/salpek/mipe/vuosi_2001/joulukalenteri paivat_list.htm
2001.12.06 17:17 B c:\Omat\Web_sivut\salpek\mipe\vuosi_2001\joulukalenteri\paiva_6.htm --> www.kolumbus.fi /www/s/a/l/salpek/mipe/vuosi_2001/joulukalenteri paiva_6.htm
2001.12.06 17:17 B c:\Omat\Web_sivut\salpek\mipe\vuosi_2001\joulukalenteri\paivat_list.htm --> www.kolumbus.fi /www/s/a/l/salpek/mipe/vuosi_2001/joulukalenteri paivat_list.htm
2001.12.06 17:17 B c:\Omat\Web_sivut\salpek\mipe\vuosi_2001\joulukalenteri\joulu_frm.htm --> www.kolumbus.fi /www/s/a/l/salpek/mipe/vuosi_2001/joulukalenteri joulu_frm.htm
2001.12.07 16:43 B c:\Omat\Web_sivut\salpek\mipe\vuosi_2001\joulukalenteri\paivat_list.htm --> www.kolumbus.fi /www/s/a/l/salpek/mipe/vuosi_2001/joulukalenteri paivat_list.htm
2001.12.07 16:43 B c:\Omat\Web_sivut\salpek\mipe\vuosi_2001\joulukalenteri\joulu_frm.htm --> www.kolumbus.fi /www/s/a/l/salpek/mipe/vuosi_2001/joulukalenteri joulu_frm.htm
2001.12.07 16:43 B c:\Omat\Web_sivut\salpek\mipe\vuosi_2001\joulukalenteri\paiva_7.htm --> www.kolumbus.fi /www/s/a/l/salpek/mipe/vuosi_2001/joulukalenteri paiva_7.htm
2001.12.07 16:43 B c:\Omat\Web_sivut\salpek\mipe\vuosi_2001\joulukalenteri\paiva_7.jpg --> www.kolumbus.fi /www/s/a/l/salpek/mipe/vuosi_2001/joulukalenteri paiva_7.jpg
2001.12.08 12:17 B c:\Omat\Web_sivut\salpek\mipe\vuosi_2001\joulukalenteri\paiva_8.htm --> www.kolumbus.fi /www/s/a/l/salpek/mipe/vuosi_2001/joulukalenteri paiva_8.htm
2001.12.08 12:17 B c:\Omat\Web_sivut\salpek\mipe\vuosi_2001\joulukalenteri\paivat_list.htm --> www.kolumbus.fi /www/s/a/l/salpek/mipe/vuosi_2001/joulukalenteri paivat_list.htm
2001.12.08 12:17 B c:\Omat\Web_sivut\salpek\mipe\vuosi_2001\joulukalenteri\joulu_frm.htm --> www.kolumbus.fi /www/s/a/l/salpek/mipe/vuosi_2001/joulukalenteri joulu_frm.htm
2001.12.09 16:43 B c:\Omat\Web_sivut\salpek\mipe\vuosi_2001\joulukalenteri\joulu_frm.htm --> www.kolumbus.fi /www/s/a/l/salpek/mipe/vuosi_2001/joulukalenteri joulu_frm.htm
2001.12.09 16:43 B c:\Omat\Web_sivut\salpek\mipe\vuosi_2001\joulukalenteri\paivat_list.htm --> www.kolumbus.fi /www/s/a/l/salpek/mipe/vuosi_2001/joulukalenteri paivat_list.htm
2001.12.09 16:43 B c:\Omat\Web_sivut\salpek\mipe\vuosi_2001\joulukalenteri\paiva_9.htm --> www.kolumbus.fi /www/s/a/l/salpek/mipe/vuosi_2001/joulukalenteri paiva_9.htm
2001.12.09 16:43 B c:\Omat\Web_sivut\salpek\mipe\vuosi_2001\joulukalenteri\paiva_9.jpg --> www.kolumbus.fi /www/s/a/l/salpek/mipe/vuosi_2001/joulukalenteri paiva_9.jpg
2001.12.10 21:40 B c:\Omat\Web_sivut\salpek\mipe\vuosi_2001\joulukalenteri\paivat_list.htm --> www.kolumbus.fi /www/s/a/l/salpek/mipe/vuosi_2001/joulukalenteri paivat_list.htm
2001.12.10 21:40 B c:\Omat\Web_sivut\salpek\mipe\vuosi_2001\joulukalenteri\joulu_frm.htm --> www.kolumbus.fi /www/s/a/l/salpek/mipe/vuosi_2001/joulukalenteri joulu_frm.htm
2001.12.10 21:40 B c:\Omat\Web_sivut\salpek\mipe\vuosi_2001\joulukalenteri\paiva_10.htm --> www.kolumbus.fi /www/s/a/l/salpek/mipe/vuosi_2001/joulukalenteri paiva_10.htm
2001.12.10 21:42 B c:\Omat\Web_sivut\salpek\mipe\vuosi_2001\joulukalenteri\paiva_10.htm --> www.kolumbus.fi /www/s/a/l/salpek/mipe/vuosi_2001/joulukalenteri paiva_10.htm
2001.12.11 19:28 B c:\Omat\Web_sivut\salpek\mipe\vuosi_2001\joulukalenteri\paivat_list.htm --> www.kolumbus.fi /www/s/a/l/salpek/mipe/vuosi_2001/joulukalenteri paivat_list.htm
2001.12.11 19:28 B c:\Omat\Web_sivut\salpek\mipe\vuosi_2001\joulukalenteri\paiva_11.htm --> www.kolumbus.fi /www/s/a/l/salpek/mipe/vuosi_2001/joulukalenteri paiva_11.htm
2001.12.11 19:28 B c:\Omat\Web_sivut\salpek\mipe\vuosi_2001\joulukalenteri\joulu_frm.htm --> www.kolumbus.fi /www/s/a/l/salpek/mipe/vuosi_2001/joulukalenteri joulu_frm.htm
2001.12.12 22:58 B c:\Omat\Web_sivut\salpek\mipe\vuosi_2001\joulukalenteri\paivat_list.htm --> www.kolumbus.fi /www/s/a/l/salpek/mipe/vuosi_2001/joulukalenteri paivat_list.htm
2001.12.12 22:58 B c:\Omat\Web_sivut\salpek\mipe\vuosi_2001\joulukalenteri\joulu_frm.htm --> www.kolumbus.fi /www/s/a/l/salpek/mipe/vuosi_2001/joulukalenteri joulu_frm.htm
2001.12.12 22:58 B c:\Omat\Web_sivut\salpek\mipe\vuosi_2001\joulukalenteri\paiva_12.htm --> www.kolumbus.fi /www/s/a/l/salpek/mipe/vuosi_2001/joulukalenteri paiva_12.htm
2001.12.12 22:58 B c:\Omat\Web_sivut\salpek\mipe\vuosi_2001\joulukalenteri\paiva_12.jpg --> www.kolumbus.fi /www/s/a/l/salpek/mipe/vuosi_2001/joulukalenteri paiva_12.jpg
2001.12.13 18:51 B c:\Omat\Web_sivut\salpek\mipe\vuosi_2001\joulukalenteri\paivat_list.htm --> www.kolumbus.fi /www/s/a/l/salpek/mipe/vuosi_2001/joulukalenteri paivat_list.htm
2001.12.13 18:51 B c:\Omat\Web_sivut\salpek\mipe\vuosi_2001\joulukalenteri\joulu_frm.htm --> www.kolumbus.fi /www/s/a/l/salpek/mipe/vuosi_2001/joulukalenteri joulu_frm.htm
2001.12.13 18:51 B c:\Omat\Web_sivut\salpek\mipe\vuosi_2001\joulukalenteri\paiva_13.htm --> www.kolumbus.fi /www/s/a/l/salpek/mipe/vuosi_2001/joulukalenteri paiva_13.htm
2001.12.13 18:51 B c:\Omat\Web_sivut\salpek\mipe\vuosi_2001\joulukalenteri\paiva_14.htm --> www.kolumbus.fi /www/s/a/l/salpek/mipe/vuosi_2001/joulukalenteri paiva_14.htm
2001.12.14 19:52 B c:\Omat\Web_sivut\salpek\mipe\vuosi_2001\joulukalenteri\paivat_list.htm --> www.kolumbus.fi /www/s/a/l/salpek/mipe/vuosi_2001/joulukalenteri paivat_list.htm
2001.12.14 19:52 B c:\Omat\Web_sivut\salpek\mipe\vuosi_2001\joulukalenteri\joulu_frm.htm --> www.kolumbus.fi /www/s/a/l/salpek/mipe/vuosi_2001/joulukalenteri joulu_frm.htm
2001.12.14 19:52 B c:\Omat\Web_sivut\salpek\mipe\vuosi_2001\joulukalenteri\paiva_14.htm --> www.kolumbus.fi /www/s/a/l/salpek/mipe/vuosi_2001/joulukalenteri paiva_14.htm
2001.12.15 18:25 B c:\Omat\Web_sivut\salpek\mipe\vuosi_2001\joulukalenteri\paivat_list.htm --> www.kolumbus.fi /www/s/a/l/salpek/mipe/vuosi_2001/joulukalenteri paivat_list.htm
2001.12.15 18:25 B c:\Omat\Web_sivut\salpek\mipe\vuosi_2001\joulukalenteri\joulu_frm.htm --> www.kolumbus.fi /www/s/a/l/salpek/mipe/vuosi_2001/joulukalenteri joulu_frm.htm
2001.12.15 18:25 B c:\Omat\Web_sivut\salpek\mipe\vuosi_2001\joulukalenteri\paiva_15.htm --> www.kolumbus.fi /www/s/a/l/salpek/mipe/vuosi_2001/joulukalenteri paiva_15.htm
2001.12.16 18:20 B c:\Omat\Web_sivut\salpek\mipe\vuosi_2001\joulukalenteri\joulu_frm.htm --> www.kolumbus.fi /www/s/a/l/salpek/mipe/vuosi_2001/joulukalenteri joulu_frm.htm
2001.12.16 18:20 B c:\Omat\Web_sivut\salpek\mipe\vuosi_2001\joulukalenteri\paiva_16.htm --> www.kolumbus.fi /www/s/a/l/salpek/mipe/vuosi_2001/joulukalenteri paiva_16.htm
2001.12.16 18:20 B c:\Omat\Web_sivut\salpek\mipe\vuosi_2001\joulukalenteri\paivat_list.htm --> www.kolumbus.fi /www/s/a/l/salpek/mipe/vuosi_2001/joulukalenteri paivat_list.htm
2001.12.16 18:22 B c:\Omat\Web_sivut\salpek\mipe\vuosi_2001\joulukalenteri\paiva_15.htm --> www.kolumbus.fi /www/s/a/l/salpek/mipe/vuosi_2001/joulukalenteri paiva_15.htm
2001.12.17 21:52 B c:\Omat\Web_sivut\salpek\mipe\vuosi_2001\joulukalenteri\paiva_17.htm --> www.kolumbus.fi /www/s/a/l/salpek/mipe/vuosi_2001/joulukalenteri paiva_17.htm
2001.12.17 21:52 B c:\Omat\Web_sivut\salpek\mipe\vuosi_2001\joulukalenteri\paiva_17.jpg --> www.kolumbus.fi /www/s/a/l/salpek/mipe/vuosi_2001/joulukalenteri paiva_17.jpg
2001.12.17 21:52 B c:\Omat\Web_sivut\salpek\mipe\vuosi_2001\joulukalenteri\paivat_list.htm --> www.kolumbus.fi /www/s/a/l/salpek/mipe/vuosi_2001/joulukalenteri paivat_list.htm
2001.12.17 21:52 B c:\Omat\Web_sivut\salpek\mipe\vuosi_2001\joulukalenteri\joulu_frm.htm --> www.kolumbus.fi /www/s/a/l/salpek/mipe/vuosi_2001/joulukalenteri joulu_frm.htm
2001.12.18 22:38 B c:\Omat\Web_sivut\salpek\mipe\vuosi_2001\joulukalenteri\paiva_18.htm --> www.kolumbus.fi /www/s/a/l/salpek/mipe/vuosi_2001/joulukalenteri paiva_18.htm
2001.12.18 22:38 B c:\Omat\Web_sivut\salpek\mipe\vuosi_2001\joulukalenteri\paivat_list.htm --> www.kolumbus.fi /www/s/a/l/salpek/mipe/vuosi_2001/joulukalenteri paivat_list.htm
2001.12.18 22:38 B c:\Omat\Web_sivut\salpek\mipe\vuosi_2001\joulukalenteri\joulu_frm.htm --> www.kolumbus.fi /www/s/a/l/salpek/mipe/vuosi_2001/joulukalenteri joulu_frm.htm
2001.12.19 19:16 B c:\Omat\Web_sivut\salpek\mipe\vuosi_2001\joulukalenteri\paivat_list.htm --> www.kolumbus.fi /www/s/a/l/salpek/mipe/vuosi_2001/joulukalenteri paivat_list.htm
2001.12.19 19:16 B c:\Omat\Web_sivut\salpek\mipe\vuosi_2001\joulukalenteri\joulu_frm.htm --> www.kolumbus.fi /www/s/a/l/salpek/mipe/vuosi_2001/joulukalenteri joulu_frm.htm
2001.12.19 19:16 B c:\Omat\Web_sivut\salpek\mipe\vuosi_2001\joulukalenteri\paiva_19.htm --> www.kolumbus.fi /www/s/a/l/salpek/mipe/vuosi_2001/joulukalenteri paiva_19.htm
2001.12.19 19:16 B c:\Omat\Web_sivut\salpek\mipe\vuosi_2001\joulukalenteri\paiva_19.jpg --> www.kolumbus.fi /www/s/a/l/salpek/mipe/vuosi_2001/joulukalenteri paiva_19.jpg
2001.12.20 20:07 B c:\Omat\Web_sivut\salpek\mipe\vuosi_2001\joulukalenteri\paivat_list.htm --> www.kolumbus.fi /www/s/a/l/salpek/mipe/vuosi_2001/joulukalenteri paivat_list.htm
2001.12.20 20:07 B c:\Omat\Web_sivut\salpek\mipe\vuosi_2001\joulukalenteri\joulu_frm.htm --> www.kolumbus.fi /www/s/a/l/salpek/mipe/vuosi_2001/joulukalenteri joulu_frm.htm
2001.12.20 20:07 B c:\Omat\Web_sivut\salpek\mipe\vuosi_2001\joulukalenteri\paiva_20.htm --> www.kolumbus.fi /www/s/a/l/salpek/mipe/vuosi_2001/joulukalenteri paiva_20.htm
2001.12.21 18:02 B c:\Omat\Web_sivut\salpek\mipe\vuosi_2001\joulukalenteri\paivat_list.htm --> www.kolumbus.fi /www/s/a/l/salpek/mipe/vuosi_2001/joulukalenteri paivat_list.htm
2001.12.21 18:02 B c:\Omat\Web_sivut\salpek\mipe\vuosi_2001\joulukalenteri\joulu_frm.htm --> www.kolumbus.fi /www/s/a/l/salpek/mipe/vuosi_2001/joulukalenteri joulu_frm.htm
2001.12.21 18:02 B c:\Omat\Web_sivut\salpek\mipe\vuosi_2001\joulukalenteri\paiva_21.htm --> www.kolumbus.fi /www/s/a/l/salpek/mipe/vuosi_2001/joulukalenteri paiva_21.htm
2001.12.21 18:02 B c:\Omat\Web_sivut\salpek\mipe\vuosi_2001\joulukalenteri\paiva_21_plus.htm --> www.kolumbus.fi /www/s/a/l/salpek/mipe/vuosi_2001/joulukalenteri paiva_21_plus.htm
2001.12.21 18:02 B c:\Omat\Web_sivut\salpek\mipe\vuosi_2001\joulukalenteri\kolme_polvea.jpg --> www.kolumbus.fi /www/s/a/l/salpek/mipe/vuosi_2001/joulukalenteri kolme_polvea.jpg
2001.12.22 12:45 B c:\Omat\Web_sivut\salpek\mipe\vuosi_2001\joulukalenteri\joulu_frm.htm --> www.kolumbus.fi /www/s/a/l/salpek/mipe/vuosi_2001/joulukalenteri joulu_frm.htm
2001.12.22 12:45 B c:\Omat\Web_sivut\salpek\mipe\vuosi_2001\joulukalenteri\paivat_list.htm --> www.kolumbus.fi /www/s/a/l/salpek/mipe/vuosi_2001/joulukalenteri paivat_list.htm
2001.12.22 12:45 B c:\Omat\Web_sivut\salpek\mipe\vuosi_2001\joulukalenteri\paiva_22.htm --> www.kolumbus.fi /www/s/a/l/salpek/mipe/vuosi_2001/joulukalenteri paiva_22.htm
2001.12.23 18:03 B c:\Omat\Web_sivut\salpek\mipe\vuosi_2001\joulukalenteri\paivat_list.htm --> www.kolumbus.fi /www/s/a/l/salpek/mipe/vuosi_2001/joulukalenteri paivat_list.htm
2001.12.23 18:03 B c:\Omat\Web_sivut\salpek\mipe\vuosi_2001\joulukalenteri\joulu_frm.htm --> www.kolumbus.fi /www/s/a/l/salpek/mipe/vuosi_2001/joulukalenteri joulu_frm.htm
2001.12.23 18:03 B c:\Omat\Web_sivut\salpek\mipe\vuosi_2001\joulukalenteri\paiva_23.htm --> www.kolumbus.fi /www/s/a/l/salpek/mipe/vuosi_2001/joulukalenteri paiva_23.htm
2001.12.23 18:03 B c:\Omat\Web_sivut\salpek\mipe\vuosi_2001\joulukalenteri\paiva_23.jpg --> www.kolumbus.fi /www/s/a/l/salpek/mipe/vuosi_2001/joulukalenteri paiva_23.jpg
2001.12.24 09:38 B c:\Omat\Web_sivut\salpek\mipe\vuosi_2001\joulukalenteri\paivat_list.htm --> www.kolumbus.fi /www/s/a/l/salpek/mipe/vuosi_2001/joulukalenteri paivat_list.htm
2001.12.24 09:38 B c:\Omat\Web_sivut\salpek\mipe\vuosi_2001\joulukalenteri\otsikko_lista.htm --> www.kolumbus.fi /www/s/a/l/salpek/mipe/vuosi_2001/joulukalenteri otsikko_lista.htm
2001.12.24 09:38 B c:\Omat\Web_sivut\salpek\mipe\vuosi_2001\joulukalenteri\joulu_frm.htm --> www.kolumbus.fi /www/s/a/l/salpek/mipe/vuosi_2001/joulukalenteri joulu_frm.htm
2001.12.24 09:38 B c:\Omat\Web_sivut\salpek\mipe\vuosi_2001\joulukalenteri\paiva_24.htm --> www.kolumbus.fi /www/s/a/l/salpek/mipe/vuosi_2001/joulukalenteri paiva_24.htm
2001.12.24 09:38 B c:\Omat\Web_sivut\salpek\mipe\vuosi_2001\joulukalenteri\paiva_24.gif --> www.kolumbus.fi /www/s/a/l/salpek/mipe/vuosi_2001/joulukalenteri paiva_24.gif
